  binary.cpp
  graphbuilder.cpp
  graphbuilderadapter.cpp
  convert.cpp
  depthguard.cpp
  directives.cpp
  emit.cpp
  emitfromevents.cpp
  emitter.cpp
  emitterstate.cpp
  emitterutils.cpp
  exceptions.cpp
  exp.cpp
  fptostring.cpp
C:\Users\agusa\OneDrive\Documents\GitHub\gusmeier-engine\Fuzz\vendor\yaml-cpp\src\fptostring.cpp(234,47): warning C4267: 'argument': conversion from 'size_t' to 'int', possible loss of data
C:\Users\agusa\OneDrive\Documents\GitHub\gusmeier-engine\Fuzz\vendor\yaml-cpp\src\fptostring.cpp(238,47): warning C4267: 'argument': conversion from 'size_t' to 'int', possible loss of data
C:\Users\agusa\OneDrive\Documents\GitHub\gusmeier-engine\Fuzz\vendor\yaml-cpp\src\fptostring.cpp(195,95): warning C4267: 'initializing': conversion from 'size_t' to 'int', possible loss of data
      C:\Users\agusa\OneDrive\Documents\GitHub\gusmeier-engine\Fuzz\vendor\yaml-cpp\src\fptostring.cpp(195,95):
      the template instantiation context (the oldest one first) is
          C:\Users\agusa\OneDrive\Documents\GitHub\gusmeier-engine\Fuzz\vendor\yaml-cpp\src\fptostring.cpp(234,33):
          see reference to function template instantiation 'std::string YAML::detail::fp_formatting::FpToString<float>(T,int)' being compiled
          with
          [
              T=float
          ]
  
C:\Users\agusa\OneDrive\Documents\GitHub\gusmeier-engine\Fuzz\vendor\yaml-cpp\src\fptostring.cpp(195,36): warning C4267: 'initializing': conversion from 'size_t' to 'const int', possible loss of data
C:\Users\agusa\OneDrive\Documents\GitHub\gusmeier-engine\Fuzz\vendor\yaml-cpp\src\contrib\dragonbox.h(3008,29): warning C4267: '+=': conversion from 'size_t' to 'DecimalExponentType', possible loss of data
C:\Users\agusa\OneDrive\Documents\GitHub\gusmeier-engine\Fuzz\vendor\yaml-cpp\src\contrib\dragonbox.h(3008,29): warning C4267:         with
C:\Users\agusa\OneDrive\Documents\GitHub\gusmeier-engine\Fuzz\vendor\yaml-cpp\src\contrib\dragonbox.h(3008,29): warning C4267:         [
C:\Users\agusa\OneDrive\Documents\GitHub\gusmeier-engine\Fuzz\vendor\yaml-cpp\src\contrib\dragonbox.h(3008,29): warning C4267:             DecimalExponentType=YAML::jkj::dragonbox::detail::impl<YAML::jkj::dragonbox::ieee754_binary_traits<YAML::jkj::dragonbox::ieee754_binary64,uint_least64_t,int>>::compute_nearest::decimal_exponent_type_
C:\Users\agusa\OneDrive\Documents\GitHub\gusmeier-engine\Fuzz\vendor\yaml-cpp\src\contrib\dragonbox.h(3008,29): warning C4267:         ]
  (compiling source file 'src/fptostring.cpp')
      C:\Users\agusa\OneDrive\Documents\GitHub\gusmeier-engine\Fuzz\vendor\yaml-cpp\src\contrib\dragonbox.h(3008,29):
      the template instantiation context (the oldest one first) is
          C:\Users\agusa\OneDrive\Documents\GitHub\gusmeier-engine\Fuzz\vendor\yaml-cpp\src\fptostring.cpp(238,33):
          see reference to function template instantiation 'std::string YAML::detail::fp_formatting::FpToString<double>(T,int)' being compiled
          with
          [
              T=double
          ]
          C:\Users\agusa\OneDrive\Documents\GitHub\gusmeier-engine\Fuzz\vendor\yaml-cpp\src\fptostring.cpp(93,28):
          see reference to function template instantiation 'YAML::jkj::dragonbox::decimal_fp<unsigned __int64,int,true,false> YAML::jkj::dragonbox::to_decimal<T,YAML::jkj::dragonbox::default_float_bit_carrier_conversion_traits<Float>,YAML::jkj::dragonbox::ieee754_binary_traits<YAML::jkj::dragonbox::ieee754_binary64,uint_least64_t,int>,>(Float) noexcept' being compiled
          with
          [
              T=double,
              Float=double
          ]
          C:\Users\agusa\OneDrive\Documents\GitHub\gusmeier-engine\Fuzz\vendor\yaml-cpp\src\contrib\dragonbox.h(4163,20):
          see reference to function template instantiation 'YAML::jkj::dragonbox::decimal_fp<unsigned __int64,int,true,false> YAML::jkj::dragonbox::to_decimal_ex<FormatTraits,int,>(YAML::jkj::dragonbox::signed_significand_bits<FormatTraits>,ExponentBits) noexcept' being compiled
          with
          [
              FormatTraits=YAML::jkj::dragonbox::ieee754_binary_traits<YAML::jkj::dragonbox::ieee754_binary64,uint_least64_t,int>,
              ExponentBits=int
          ]
          C:\Users\agusa\OneDrive\Documents\GitHub\gusmeier-engine\Fuzz\vendor\yaml-cpp\src\contrib\dragonbox.h(4146,35):
          see reference to function template instantiation 'YAML::jkj::dragonbox::decimal_fp<unsigned __int64,int,true,false> YAML::jkj::dragonbox::policy::decimal_to_binary_rounding::nearest_to_even_t::delegate<YAML::jkj::dragonbox::signed_significand_bits<FormatTraits>,YAML::jkj::dragonbox::detail::to_decimal_dispatcher<FormatTraits,YAML::jkj::dragonbox::to_decimal_ex::policy_holder>,YAML::jkj::dragonbox::signed_significand_bits<FormatTraits>,ExponentBits>(SignedSignificandBits,Func,YAML::jkj::dragonbox::signed_significand_bits<FormatTraits>,ExponentBits) noexcept' being compiled
          with
          [
              FormatTraits=YAML::jkj::dragonbox::ieee754_binary_traits<YAML::jkj::dragonbox::ieee754_binary64,uint_least64_t,int>,
              ExponentBits=int,
              SignedSignificandBits=YAML::jkj::dragonbox::signed_significand_bits<YAML::jkj::dragonbox::ieee754_binary_traits<YAML::jkj::dragonbox::ieee754_binary64,uint_least64_t,int>>,
              Func=YAML::jkj::dragonbox::detail::to_decimal_dispatcher<YAML::jkj::dragonbox::ieee754_binary_traits<YAML::jkj::dragonbox::ieee754_binary64,uint_least64_t,int>,YAML::jkj::dragonbox::to_decimal_ex::policy_holder>
          ]
          C:\Users\agusa\OneDrive\Documents\GitHub\gusmeier-engine\Fuzz\vendor\yaml-cpp\src\contrib\dragonbox.h(2483,32):
          see reference to function template instantiation 'YAML::jkj::dragonbox::decimal_fp<unsigned __int64,int,true,false> YAML::jkj::dragonbox::detail::to_decimal_dispatcher<FormatTraits,YAML::jkj::dragonbox::to_decimal_ex::policy_holder>::operator ()<_Ty>(IntervalTypeProvider,YAML::jkj::dragonbox::signed_significand_bits<FormatTraits>,int) noexcept' being compiled
          with
          [
              FormatTraits=YAML::jkj::dragonbox::ieee754_binary_traits<YAML::jkj::dragonbox::ieee754_binary64,uint_least64_t,int>,
              _Ty=YAML::jkj::dragonbox::policy::decimal_to_binary_rounding::nearest_to_even_t,
              IntervalTypeProvider=YAML::jkj::dragonbox::policy::decimal_to_binary_rounding::nearest_to_even_t
          ]
          C:\Users\agusa\OneDrive\Documents\GitHub\gusmeier-engine\Fuzz\vendor\yaml-cpp\src\contrib\dragonbox.h(4108,61):
          see reference to function template instantiation 'YAML::jkj::dragonbox::decimal_fp<unsigned __int64,int,true,false> YAML::jkj::dragonbox::detail::impl<YAML::jkj::dragonbox::ieee754_binary_traits<YAML::jkj::dragonbox::ieee754_binary64,uint_least64_t,int>>::compute_nearest<YAML::jkj::dragonbox::policy::sign::return_sign_t,YAML::jkj::dragonbox::policy::trailing_zero::remove_t,IntervalTypeProvider,YAML::jkj::dragonbox::policy::binary_to_decimal_rounding::to_even_t,YAML::jkj::dragonbox::policy::cache::full_t,YAML::jkj::dragonbox::policy::preferred_integer_types::match_t>(YAML::jkj::dragonbox::signed_significand_bits<FormatTraits>,int) noexcept' being compiled
          with
          [
              IntervalTypeProvider=YAML::jkj::dragonbox::policy::decimal_to_binary_rounding::nearest_to_even_t,
              FormatTraits=YAML::jkj::dragonbox::ieee754_binary_traits<YAML::jkj::dragonbox::ieee754_binary64,uint_least64_t,int>
          ]
          C:\Users\agusa\OneDrive\Documents\GitHub\gusmeier-engine\Fuzz\vendor\yaml-cpp\src\contrib\dragonbox.h(3353,69):
          see reference to function template instantiation 'YAML::jkj::dragonbox::decimal_fp<unsigned __int64,YAML::jkj::dragonbox::detail::impl<YAML::jkj::dragonbox::ieee754_binary_traits<YAML::jkj::dragonbox::ieee754_binary64,uint_least64_t,int>>::compute_nearest::decimal_exponent_type_,false,false> YAML::jkj::dragonbox::policy::trailing_zero::remove_t::on_trailing_zeros<YAML::jkj::dragonbox::ieee754_binary64,unsigned __int64,YAML::jkj::dragonbox::detail::impl<YAML::jkj::dragonbox::ieee754_binary_traits<YAML::jkj::dragonbox::ieee754_binary64,uint_least64_t,int>>::compute_nearest::decimal_exponent_type_>(DecimalSignificand,DecimalExponentType) noexcept' being compiled
          with
          [
              DecimalSignificand=unsigned __int64,
              DecimalExponentType=YAML::jkj::dragonbox::detail::impl<YAML::jkj::dragonbox::ieee754_binary_traits<YAML::jkj::dragonbox::ieee754_binary64,uint_least64_t,int>>::compute_nearest::decimal_exponent_type_
          ]
          C:\Users\agusa\OneDrive\Documents\GitHub\gusmeier-engine\Fuzz\vendor\yaml-cpp\src\contrib\dragonbox.h(2379,51):
          see reference to class template instantiation 'YAML::jkj::dragonbox::remove_trailing_zeros_traits<YAML::jkj::dragonbox::policy::trailing_zero::remove_t,Format,DecimalSignificand,DecimalExponentType>' being compiled
          with
          [
              Format=YAML::jkj::dragonbox::ieee754_binary64,
              DecimalSignificand=unsigned __int64,
              DecimalExponentType=YAML::jkj::dragonbox::detail::impl<YAML::jkj::dragonbox::ieee754_binary_traits<YAML::jkj::dragonbox::ieee754_binary64,uint_least64_t,int>>::compute_nearest::decimal_exponent_type_
          ]
          C:\Users\agusa\OneDrive\Documents\GitHub\gusmeier-engine\Fuzz\vendor\yaml-cpp\src\contrib\dragonbox.h(2978,13):
          while compiling class template member function 'void YAML::jkj::dragonbox::remove_trailing_zeros_traits<YAML::jkj::dragonbox::policy::trailing_zero::remove_t,Format,DecimalSignificand,DecimalExponentType>::remove_trailing_zeros(uint_least64_t &,DecimalExponentType &) noexcept'
          with
          [
              Format=YAML::jkj::dragonbox::ieee754_binary64,
              DecimalSignificand=unsigned __int64,
              DecimalExponentType=YAML::jkj::dragonbox::detail::impl<YAML::jkj::dragonbox::ieee754_binary_traits<YAML::jkj::dragonbox::ieee754_binary64,uint_least64_t,int>>::compute_nearest::decimal_exponent_type_
          ]
              C:\Users\agusa\OneDrive\Documents\GitHub\gusmeier-engine\Fuzz\vendor\yaml-cpp\src\contrib\dragonbox.h(2379,72):
              see the first reference to 'YAML::jkj::dragonbox::remove_trailing_zeros_traits<YAML::jkj::dragonbox::policy::trailing_zero::remove_t,Format,DecimalSignificand,DecimalExponentType>::remove_trailing_zeros' in 'YAML::jkj::dragonbox::policy::trailing_zero::remove_t::on_trailing_zeros'
          with
          [
              Format=YAML::jkj::dragonbox::ieee754_binary64,
              DecimalSignificand=unsigned __int64,
              DecimalExponentType=YAML::jkj::dragonbox::detail::impl<YAML::jkj::dragonbox::ieee754_binary_traits<YAML::jkj::dragonbox::ieee754_binary64,uint_least64_t,int>>::compute_nearest::decimal_exponent_type_
          ]
              C:\Users\agusa\OneDrive\Documents\GitHub\gusmeier-engine\Fuzz\vendor\yaml-cpp\src\contrib\dragonbox.h(3353,69):
              see the first reference to 'YAML::jkj::dragonbox::policy::trailing_zero::remove_t::on_trailing_zeros' in 'YAML::jkj::dragonbox::detail::impl<YAML::jkj::dragonbox::ieee754_binary_traits<YAML::jkj::dragonbox::ieee754_binary64,uint_least64_t,int>>::compute_nearest'
              C:\Users\agusa\OneDrive\Documents\GitHub\gusmeier-engine\Fuzz\vendor\yaml-cpp\src\contrib\dragonbox.h(4108,25):
              see the first reference to 'YAML::jkj::dragonbox::detail::impl<YAML::jkj::dragonbox::ieee754_binary_traits<YAML::jkj::dragonbox::ieee754_binary64,uint_least64_t,int>>::compute_nearest' in 'YAML::jkj::dragonbox::detail::to_decimal_dispatcher<FormatTraits,YAML::jkj::dragonbox::to_decimal_ex::policy_holder>::operator ()'
          with
          [
              FormatTraits=YAML::jkj::dragonbox::ieee754_binary_traits<YAML::jkj::dragonbox::ieee754_binary64,uint_least64_t,int>
          ]
              C:\Users\agusa\OneDrive\Documents\GitHub\gusmeier-engine\Fuzz\vendor\yaml-cpp\src\contrib\dragonbox.h(2483,25):
              see the first reference to 'YAML::jkj::dragonbox::detail::to_decimal_dispatcher<FormatTraits,YAML::jkj::dragonbox::to_decimal_ex::policy_holder>::operator ()' in 'YAML::jkj::dragonbox::policy::decimal_to_binary_rounding::nearest_to_even_t::delegate'
          with
          [
              FormatTraits=YAML::jkj::dragonbox::ieee754_binary_traits<YAML::jkj::dragonbox::ieee754_binary64,uint_least64_t,int>
          ]
              C:\Users\agusa\OneDrive\Documents\GitHub\gusmeier-engine\Fuzz\vendor\yaml-cpp\src\contrib\dragonbox.h(4146,35):
              see the first reference to 'YAML::jkj::dragonbox::policy::decimal_to_binary_rounding::nearest_to_even_t::delegate' in 'YAML::jkj::dragonbox::to_decimal_ex'
              C:\Users\agusa\OneDrive\Documents\GitHub\gusmeier-engine\Fuzz\vendor\yaml-cpp\src\contrib\dragonbox.h(4163,20):
              see the first reference to 'YAML::jkj::dragonbox::to_decimal_ex' in 'YAML::jkj::dragonbox::to_decimal'
              C:\Users\agusa\OneDrive\Documents\GitHub\gusmeier-engine\Fuzz\vendor\yaml-cpp\src\fptostring.cpp(93,28):
              see the first reference to 'YAML::jkj::dragonbox::to_decimal' in 'YAML::detail::fp_formatting::FpToString'
  
C:\Users\agusa\OneDrive\Documents\GitHub\gusmeier-engine\Fuzz\vendor\yaml-cpp\src\contrib\dragonbox.h(2970,29): warning C4267: '+=': conversion from 'size_t' to 'DecimalExponentType', possible loss of data
C:\Users\agusa\OneDrive\Documents\GitHub\gusmeier-engine\Fuzz\vendor\yaml-cpp\src\contrib\dragonbox.h(2970,29): warning C4267:         with
C:\Users\agusa\OneDrive\Documents\GitHub\gusmeier-engine\Fuzz\vendor\yaml-cpp\src\contrib\dragonbox.h(2970,29): warning C4267:         [
C:\Users\agusa\OneDrive\Documents\GitHub\gusmeier-engine\Fuzz\vendor\yaml-cpp\src\contrib\dragonbox.h(2970,29): warning C4267:             DecimalExponentType=YAML::jkj::dragonbox::detail::impl<YAML::jkj::dragonbox::ieee754_binary_traits<YAML::jkj::dragonbox::ieee754_binary32,uint_least32_t,int>>::compute_nearest::decimal_exponent_type_
C:\Users\agusa\OneDrive\Documents\GitHub\gusmeier-engine\Fuzz\vendor\yaml-cpp\src\contrib\dragonbox.h(2970,29): warning C4267:         ]
  (compiling source file 'src/fptostring.cpp')
      C:\Users\agusa\OneDrive\Documents\GitHub\gusmeier-engine\Fuzz\vendor\yaml-cpp\src\contrib\dragonbox.h(2970,29):
      the template instantiation context (the oldest one first) is
          C:\Users\agusa\OneDrive\Documents\GitHub\gusmeier-engine\Fuzz\vendor\yaml-cpp\src\fptostring.cpp(234,33):
          see reference to function template instantiation 'std::string YAML::detail::fp_formatting::FpToString<float>(T,int)' being compiled
          with
          [
              T=float
          ]
          C:\Users\agusa\OneDrive\Documents\GitHub\gusmeier-engine\Fuzz\vendor\yaml-cpp\src\fptostring.cpp(93,28):
          see reference to function template instantiation 'YAML::jkj::dragonbox::decimal_fp<unsigned int,int,true,false> YAML::jkj::dragonbox::to_decimal<T,YAML::jkj::dragonbox::default_float_bit_carrier_conversion_traits<Float>,YAML::jkj::dragonbox::ieee754_binary_traits<YAML::jkj::dragonbox::ieee754_binary32,uint_least32_t,int>,>(Float) noexcept' being compiled
          with
          [
              T=float,
              Float=float
          ]
          C:\Users\agusa\OneDrive\Documents\GitHub\gusmeier-engine\Fuzz\vendor\yaml-cpp\src\contrib\dragonbox.h(4163,20):
          see reference to function template instantiation 'YAML::jkj::dragonbox::decimal_fp<unsigned int,int,true,false> YAML::jkj::dragonbox::to_decimal_ex<FormatTraits,int,>(YAML::jkj::dragonbox::signed_significand_bits<FormatTraits>,ExponentBits) noexcept' being compiled
          with
          [
              FormatTraits=YAML::jkj::dragonbox::ieee754_binary_traits<YAML::jkj::dragonbox::ieee754_binary32,uint_least32_t,int>,
              ExponentBits=int
          ]
          C:\Users\agusa\OneDrive\Documents\GitHub\gusmeier-engine\Fuzz\vendor\yaml-cpp\src\contrib\dragonbox.h(4146,35):
          see reference to function template instantiation 'YAML::jkj::dragonbox::decimal_fp<unsigned int,int,true,false> YAML::jkj::dragonbox::policy::decimal_to_binary_rounding::nearest_to_even_t::delegate<YAML::jkj::dragonbox::signed_significand_bits<FormatTraits>,YAML::jkj::dragonbox::detail::to_decimal_dispatcher<FormatTraits,YAML::jkj::dragonbox::to_decimal_ex::policy_holder>,YAML::jkj::dragonbox::signed_significand_bits<FormatTraits>,ExponentBits>(SignedSignificandBits,Func,YAML::jkj::dragonbox::signed_significand_bits<FormatTraits>,ExponentBits) noexcept' being compiled
          with
          [
              FormatTraits=YAML::jkj::dragonbox::ieee754_binary_traits<YAML::jkj::dragonbox::ieee754_binary32,uint_least32_t,int>,
              ExponentBits=int,
              SignedSignificandBits=YAML::jkj::dragonbox::signed_significand_bits<YAML::jkj::dragonbox::ieee754_binary_traits<YAML::jkj::dragonbox::ieee754_binary32,uint_least32_t,int>>,
              Func=YAML::jkj::dragonbox::detail::to_decimal_dispatcher<YAML::jkj::dragonbox::ieee754_binary_traits<YAML::jkj::dragonbox::ieee754_binary32,uint_least32_t,int>,YAML::jkj::dragonbox::to_decimal_ex::policy_holder>
          ]
          C:\Users\agusa\OneDrive\Documents\GitHub\gusmeier-engine\Fuzz\vendor\yaml-cpp\src\contrib\dragonbox.h(2483,32):
          see reference to function template instantiation 'YAML::jkj::dragonbox::decimal_fp<unsigned int,int,true,false> YAML::jkj::dragonbox::detail::to_decimal_dispatcher<FormatTraits,YAML::jkj::dragonbox::to_decimal_ex::policy_holder>::operator ()<_Ty>(IntervalTypeProvider,YAML::jkj::dragonbox::signed_significand_bits<FormatTraits>,int) noexcept' being compiled
          with
          [
              FormatTraits=YAML::jkj::dragonbox::ieee754_binary_traits<YAML::jkj::dragonbox::ieee754_binary32,uint_least32_t,int>,
              _Ty=YAML::jkj::dragonbox::policy::decimal_to_binary_rounding::nearest_to_even_t,
              IntervalTypeProvider=YAML::jkj::dragonbox::policy::decimal_to_binary_rounding::nearest_to_even_t
          ]
          C:\Users\agusa\OneDrive\Documents\GitHub\gusmeier-engine\Fuzz\vendor\yaml-cpp\src\contrib\dragonbox.h(4108,61):
          see reference to function template instantiation 'YAML::jkj::dragonbox::decimal_fp<unsigned int,int,true,false> YAML::jkj::dragonbox::detail::impl<YAML::jkj::dragonbox::ieee754_binary_traits<YAML::jkj::dragonbox::ieee754_binary32,uint_least32_t,int>>::compute_nearest<YAML::jkj::dragonbox::policy::sign::return_sign_t,YAML::jkj::dragonbox::policy::trailing_zero::remove_t,IntervalTypeProvider,YAML::jkj::dragonbox::policy::binary_to_decimal_rounding::to_even_t,YAML::jkj::dragonbox::policy::cache::full_t,YAML::jkj::dragonbox::policy::preferred_integer_types::match_t>(YAML::jkj::dragonbox::signed_significand_bits<FormatTraits>,int) noexcept' being compiled
          with
          [
              IntervalTypeProvider=YAML::jkj::dragonbox::policy::decimal_to_binary_rounding::nearest_to_even_t,
              FormatTraits=YAML::jkj::dragonbox::ieee754_binary_traits<YAML::jkj::dragonbox::ieee754_binary32,uint_least32_t,int>
          ]
          C:\Users\agusa\OneDrive\Documents\GitHub\gusmeier-engine\Fuzz\vendor\yaml-cpp\src\contrib\dragonbox.h(3353,69):
          see reference to function template instantiation 'YAML::jkj::dragonbox::decimal_fp<unsigned int,YAML::jkj::dragonbox::detail::impl<YAML::jkj::dragonbox::ieee754_binary_traits<YAML::jkj::dragonbox::ieee754_binary32,uint_least32_t,int>>::compute_nearest::decimal_exponent_type_,false,false> YAML::jkj::dragonbox::policy::trailing_zero::remove_t::on_trailing_zeros<YAML::jkj::dragonbox::ieee754_binary32,unsigned int,YAML::jkj::dragonbox::detail::impl<YAML::jkj::dragonbox::ieee754_binary_traits<YAML::jkj::dragonbox::ieee754_binary32,uint_least32_t,int>>::compute_nearest::decimal_exponent_type_>(DecimalSignificand,DecimalExponentType) noexcept' being compiled
          with
          [
              DecimalSignificand=unsigned int,
              DecimalExponentType=YAML::jkj::dragonbox::detail::impl<YAML::jkj::dragonbox::ieee754_binary_traits<YAML::jkj::dragonbox::ieee754_binary32,uint_least32_t,int>>::compute_nearest::decimal_exponent_type_
          ]
          C:\Users\agusa\OneDrive\Documents\GitHub\gusmeier-engine\Fuzz\vendor\yaml-cpp\src\contrib\dragonbox.h(2379,51):
          see reference to class template instantiation 'YAML::jkj::dragonbox::remove_trailing_zeros_traits<YAML::jkj::dragonbox::policy::trailing_zero::remove_t,Format,DecimalSignificand,DecimalExponentType>' being compiled
          with
          [
              Format=YAML::jkj::dragonbox::ieee754_binary32,
              DecimalSignificand=unsigned int,
              DecimalExponentType=YAML::jkj::dragonbox::detail::impl<YAML::jkj::dragonbox::ieee754_binary_traits<YAML::jkj::dragonbox::ieee754_binary32,uint_least32_t,int>>::compute_nearest::decimal_exponent_type_
          ]
          C:\Users\agusa\OneDrive\Documents\GitHub\gusmeier-engine\Fuzz\vendor\yaml-cpp\src\contrib\dragonbox.h(2946,13):
          while compiling class template member function 'void YAML::jkj::dragonbox::remove_trailing_zeros_traits<YAML::jkj::dragonbox::policy::trailing_zero::remove_t,Format,DecimalSignificand,DecimalExponentType>::remove_trailing_zeros(uint_least32_t &,DecimalExponentType &) noexcept'
          with
          [
              Format=YAML::jkj::dragonbox::ieee754_binary32,
              DecimalSignificand=unsigned int,
              DecimalExponentType=YAML::jkj::dragonbox::detail::impl<YAML::jkj::dragonbox::ieee754_binary_traits<YAML::jkj::dragonbox::ieee754_binary32,uint_least32_t,int>>::compute_nearest::decimal_exponent_type_
          ]
              C:\Users\agusa\OneDrive\Documents\GitHub\gusmeier-engine\Fuzz\vendor\yaml-cpp\src\contrib\dragonbox.h(2379,72):
              see the first reference to 'YAML::jkj::dragonbox::remove_trailing_zeros_traits<YAML::jkj::dragonbox::policy::trailing_zero::remove_t,Format,DecimalSignificand,DecimalExponentType>::remove_trailing_zeros' in 'YAML::jkj::dragonbox::policy::trailing_zero::remove_t::on_trailing_zeros'
          with
          [
              Format=YAML::jkj::dragonbox::ieee754_binary32,
              DecimalSignificand=unsigned int,
              DecimalExponentType=YAML::jkj::dragonbox::detail::impl<YAML::jkj::dragonbox::ieee754_binary_traits<YAML::jkj::dragonbox::ieee754_binary32,uint_least32_t,int>>::compute_nearest::decimal_exponent_type_
          ]
              C:\Users\agusa\OneDrive\Documents\GitHub\gusmeier-engine\Fuzz\vendor\yaml-cpp\src\contrib\dragonbox.h(3353,69):
              see the first reference to 'YAML::jkj::dragonbox::policy::trailing_zero::remove_t::on_trailing_zeros' in 'YAML::jkj::dragonbox::detail::impl<YAML::jkj::dragonbox::ieee754_binary_traits<YAML::jkj::dragonbox::ieee754_binary32,uint_least32_t,int>>::compute_nearest'
              C:\Users\agusa\OneDrive\Documents\GitHub\gusmeier-engine\Fuzz\vendor\yaml-cpp\src\contrib\dragonbox.h(4108,25):
              see the first reference to 'YAML::jkj::dragonbox::detail::impl<YAML::jkj::dragonbox::ieee754_binary_traits<YAML::jkj::dragonbox::ieee754_binary32,uint_least32_t,int>>::compute_nearest' in 'YAML::jkj::dragonbox::detail::to_decimal_dispatcher<FormatTraits,YAML::jkj::dragonbox::to_decimal_ex::policy_holder>::operator ()'
          with
          [
              FormatTraits=YAML::jkj::dragonbox::ieee754_binary_traits<YAML::jkj::dragonbox::ieee754_binary32,uint_least32_t,int>
          ]
              C:\Users\agusa\OneDrive\Documents\GitHub\gusmeier-engine\Fuzz\vendor\yaml-cpp\src\contrib\dragonbox.h(2483,25):
              see the first reference to 'YAML::jkj::dragonbox::detail::to_decimal_dispatcher<FormatTraits,YAML::jkj::dragonbox::to_decimal_ex::policy_holder>::operator ()' in 'YAML::jkj::dragonbox::policy::decimal_to_binary_rounding::nearest_to_even_t::delegate'
          with
          [
              FormatTraits=YAML::jkj::dragonbox::ieee754_binary_traits<YAML::jkj::dragonbox::ieee754_binary32,uint_least32_t,int>
          ]
              C:\Users\agusa\OneDrive\Documents\GitHub\gusmeier-engine\Fuzz\vendor\yaml-cpp\src\contrib\dragonbox.h(4146,35):
              see the first reference to 'YAML::jkj::dragonbox::policy::decimal_to_binary_rounding::nearest_to_even_t::delegate' in 'YAML::jkj::dragonbox::to_decimal_ex'
              C:\Users\agusa\OneDrive\Documents\GitHub\gusmeier-engine\Fuzz\vendor\yaml-cpp\src\contrib\dragonbox.h(4163,20):
              see the first reference to 'YAML::jkj::dragonbox::to_decimal_ex' in 'YAML::jkj::dragonbox::to_decimal'
              C:\Users\agusa\OneDrive\Documents\GitHub\gusmeier-engine\Fuzz\vendor\yaml-cpp\src\fptostring.cpp(93,28):
              see the first reference to 'YAML::jkj::dragonbox::to_decimal' in 'YAML::detail::fp_formatting::FpToString'
  
  memory.cpp
  node.cpp
  node_data.cpp
  nodebuilder.cpp
  nodeevents.cpp
  null.cpp
  Generating Code...
  Compiling...
  ostream_wrapper.cpp
  parse.cpp
  parser.cpp
  regex_yaml.cpp
  scanner.cpp
  scanscalar.cpp
  scantag.cpp
  scantoken.cpp
  simplekey.cpp
  singledocparser.cpp
  stream.cpp
  tag.cpp
  Generating Code...
  yaml-cpp.vcxproj -> C:\Users\agusa\OneDrive\Documents\GitHub\gusmeier-engine\Fuzz\vendor\yaml-cpp\bin\windows-x86_64\Debug\yaml-cpp\yaml-cpp.lib
